Arguments: 
  /usr/local/bin/node /USR/LOCAL/BIN/yarn publish

PATH: 
  /Users/haokur/.fastlane/bin:/USR/LOCAL/BIN:/USR/BIN:/BIN:/USR/SBIN:/SBIN:/USR/LOCAL/GO/BIN:/APPLICATIONS/WIRESHARK.APP/CONTENTS/MACOSsr/local/bin:/usr/local/sbin:/Users/haokur/.composer/vendor/bin:/Users/haokur/Library/Android/sdk/platform-tools:/Users/haokur/Library/Android/sdk/tools:/Users/haokur/gradle-3.3/bin:/usr/local/mysql/bin:/usr/local/go/bin:/Users/haokur/gocode/bin

Yarn version: 
  0.27.5

Node version: 
  8.1.2

Platform: 
  darwin x64

npm manifest: 
  {
    "name": "webflow-cli",
    "version": "1.0.0",
    "description": "基于 Nodejs 简单的自动化命令行工具",
    "main": "index.js",
    "bin": {
      "wflow": "bin/wflow.js"
    },
    "scripts": {
      "test": "echo \"Error: no test specified\" && exit 1"
    },
    "repository": {
      "type": "git",
      "url": "git+https://github.com/haokur/webflow-cli.git"
    },
    "keywords": [],
    "author": "",
    "license": "MIT",
    "bugs": {
      "url": "https://github.com/haokur/webflow-cli/issues"
    },
    "homepage": "https://github.com/haokur/webflow-cli#readme",
    "dependencies": {
      "commander": "^2.17.0",
      "inquirer": "^5.2.0"
    },
    "devDependencies": {
    }
  }

yarn manifest: 
  No manifest

Lockfile: 
  No lockfile

Trace: 
  Error: Hostname/IP doesn't match certificate's altnames: "Host: registry.npmjs.org. is not in the cert's altnames: DNS:a.sni.fastly.net, DNS:a.sni.global-ssl.fastly.net"
      at Object.checkServerIdentity (tls.js:221:17)
      at TLSSocket.<anonymous> (_tls_wrap.js:1104:29)
      at emitNone (events.js:105:13)
      at TLSSocket.emit (events.js:207:7)
      at TLSSocket._finishInit (_tls_wrap.js:628:8)
      at TLSWrap.ssl.onhandshakedone (_tls_wrap.js:458:38)
